
*** Running vivado
    with args -log UART_pc_connection.vds -m64 -product Vivado -mode batch -messageDb vivado.pb -notrace -source UART_pc_connection.tcl


ECHO disattivato.
ECHO disattivato.

****** Vivado v2023.2 (64-bit)
  **** SW Build 4029153 on Fri Oct 13 20:14:34 MDT 2023
  **** IP Build 4028589 on Sat Oct 14 00:45:43 MDT 2023
  **** SharedData Build 4025554 on Tue Oct 10 17:18:54 MDT 2023
    ** Copyright 1986-2022 Xilinx, Inc. All Rights Reserved.
    ** Copyright 2022-2023 Advanced Micro Devices, Inc. All Rights Reserved.

source UART_pc_connection.tcl -notrace
Command: read_checkpoint -auto_incremental -incremental {D:/Desktop/magistrale/1_anno/1 SEMESTRE/architettura/esercizi/Uart_pc/Uart_pc.srcs/utils_1/imports/synth_1/UART_pc_connection.dcp}
INFO: [Vivado 12-5825] Read reference checkpoint from D:/Desktop/magistrale/1_anno/1 SEMESTRE/architettura/esercizi/Uart_pc/Uart_pc.srcs/utils_1/imports/synth_1/UART_pc_connection.dcp for incremental synthesis
INFO: [Vivado 12-7989] Please ensure there are no constraint changes
Command: synth_design -top UART_pc_connection -part xc7a100tcsg324-1
Starting synth_design
Attempting to get a license for feature 'Synthesis' and/or device 'xc7a100t'
INFO: [Common 17-349] Got license for feature 'Synthesis' and/or device 'xc7a100t'
INFO: [Device 21-403] Loading part xc7a100tcsg324-1
INFO: [Designutils 20-5440] No compile time benefit to using incremental synthesis; A full resynthesis will be run
INFO: [Designutils 20-4379] Flow is switching to default flow due to incremental criteria not met. If you would like to alter this behaviour and have the flow terminate instead, please set the following parameter config_implementation {autoIncr.Synth.RejectBehavior Terminate}
INFO: [Synth 8-7079] Multithreading enabled for synth_design using a maximum of 2 processes.
INFO: [Synth 8-7078] Launching helper process for spawning children vivado processes
INFO: [Synth 8-7075] Helper process launched with PID 7292
---------------------------------------------------------------------------------
Starting RTL Elaboration : Time (s): cpu = 00:00:03 ; elapsed = 00:00:04 . Memory (MB): peak = 1330.434 ; gain = 440.926
---------------------------------------------------------------------------------
INFO: [Synth 8-638] synthesizing module 'UART_pc_connection' [D:/Desktop/magistrale/1_anno/1 SEMESTRE/architettura/esercizi/Uart_pc/Uart_pc.srcs/sources_1/new/UART_pc_connection.vhd:51]
INFO: [Synth 8-638] synthesizing module 'Rs232RefComp' [D:/Desktop/magistrale/1_anno/1 SEMESTRE/architettura/esercizi/UART_tappo/UART_tappo.srcs/sources_1/imports/7-Interfaccia seriale/RS232RefComp.vhd:43]
INFO: [Synth 8-256] done synthesizing module 'Rs232RefComp' (0#1) [D:/Desktop/magistrale/1_anno/1 SEMESTRE/architettura/esercizi/UART_tappo/UART_tappo.srcs/sources_1/imports/7-Interfaccia seriale/RS232RefComp.vhd:43]
INFO: [Synth 8-256] done synthesizing module 'UART_pc_connection' (0#1) [D:/Desktop/magistrale/1_anno/1 SEMESTRE/architettura/esercizi/Uart_pc/Uart_pc.srcs/sources_1/new/UART_pc_connection.vhd:51]
---------------------------------------------------------------------------------
Finished RTL Elaboration : Time (s): cpu = 00:00:04 ; elapsed = 00:00:06 . Memory (MB): peak = 1438.449 ; gain = 548.941
---------------------------------------------------------------------------------
---------------------------------------------------------------------------------
Start Handling Custom Attributes
---------------------------------------------------------------------------------
---------------------------------------------------------------------------------
Finished Handling Custom Attributes : Time (s): cpu = 00:00:04 ; elapsed = 00:00:06 . Memory (MB): peak = 1438.449 ; gain = 548.941
---------------------------------------------------------------------------------
---------------------------------------------------------------------------------
Finished RTL Optimization Phase 1 : Time (s): cpu = 00:00:04 ; elapsed = 00:00:06 . Memory (MB): peak = 1438.449 ; gain = 548.941
---------------------------------------------------------------------------------
Netlist sorting complete. Time (s): cpu = 00:00:00 ; elapsed = 00:00:00.001 . Memory (MB): peak = 1438.449 ; gain = 0.000
INFO: [Project 1-570] Preparing netlist for logic optimization

Processing XDC Constraints
Initializing timing engine
Parsing XDC File [D:/Desktop/magistrale/1_anno/1 SEMESTRE/architettura/esercizi/Uart_pc/Uart_pc.srcs/constrs_1/new/constraint.xdc]
Finished Parsing XDC File [D:/Desktop/magistrale/1_anno/1 SEMESTRE/architettura/esercizi/Uart_pc/Uart_pc.srcs/constrs_1/new/constraint.xdc]
INFO: [Project 1-236] Implementation specific constraints were found while reading constraint file [D:/Desktop/magistrale/1_anno/1 SEMESTRE/architettura/esercizi/Uart_pc/Uart_pc.srcs/constrs_1/new/constraint.xdc]. These constraints will be ignored for synthesis but will be used in implementation. Impacted constraints are listed in the file [.Xil/UART_pc_connection_propImpl.xdc].
Resolution: To avoid this warning, move constraints listed in [.Xil/UART_pc_connection_propImpl.xdc] to another XDC file and exclude this new file from synthesis with the used_in_synthesis property (File Properties dialog in GUI) and re-run elaboration/synthesis.
Completed Processing XDC Constraints

Netlist sorting complete. Time (s): cpu = 00:00:00 ; elapsed = 00:00:00 . Memory (MB): peak = 1536.531 ; gain = 0.000
INFO: [Project 1-111] Unisim Transformation Summary:
No Unisim elements were transformed.

Impossibile trovare il percorso specificato.
Constraint Validation Runtime : Time (s): cpu = 00:00:00 ; elapsed = 00:00:00.002 . Memory (MB): peak = 1536.531 ; gain = 0.000
INFO: [Designutils 20-5440] No compile time benefit to using incremental synthesis; A full resynthesis will be run
INFO: [Designutils 20-4379] Flow is switching to default flow due to incremental criteria not met. If you would like to alter this behaviour and have the flow terminate instead, please set the following parameter config_implementation {autoIncr.Synth.RejectBehavior Terminate}
---------------------------------------------------------------------------------
Finished Constraint Validation : Time (s): cpu = 00:00:07 ; elapsed = 00:00:13 . Memory (MB): peak = 1536.531 ; gain = 647.023
---------------------------------------------------------------------------------
---------------------------------------------------------------------------------
Start Loading Part and Timing Information
---------------------------------------------------------------------------------
Loading part: xc7a100tcsg324-1
---------------------------------------------------------------------------------
Finished Loading Part and Timing Information : Time (s): cpu = 00:00:07 ; elapsed = 00:00:13 . Memory (MB): peak = 1536.531 ; gain = 647.023
---------------------------------------------------------------------------------
---------------------------------------------------------------------------------
Start Applying 'set_property' XDC Constraints
---------------------------------------------------------------------------------
---------------------------------------------------------------------------------
Finished applying 'set_property' XDC Constraints : Time (s): cpu = 00:00:07 ; elapsed = 00:00:13 . Memory (MB): peak = 1536.531 ; gain = 647.023
---------------------------------------------------------------------------------
INFO: [Synth 8-802] inferred FSM for state register 'strCur_reg' in module 'Rs232RefComp'
INFO: [Synth 8-802] inferred FSM for state register 'stbeCur_reg' in module 'Rs232RefComp'
INFO: [Synth 8-802] inferred FSM for state register 'sttCur_reg' in module 'Rs232RefComp'
---------------------------------------------------------------------------------------------------
                   State |                     New Encoding |                Previous Encoding 
---------------------------------------------------------------------------------------------------
                 sttidle |                              001 |                               00
             stttransfer |                              010 |                               01
                sttshift |                              100 |                               10
---------------------------------------------------------------------------------------------------
INFO: [Synth 8-3354] encoded FSM with state register 'sttCur_reg' using encoding 'one-hot' in module 'Rs232RefComp'
---------------------------------------------------------------------------------------------------
                   State |                     New Encoding |                Previous Encoding 
---------------------------------------------------------------------------------------------------
                 stridle |                               00 |                               00
           streightdelay |                               01 |                               01
              strgetdata |                               10 |                               10
            strcheckstop |                               11 |                               11
---------------------------------------------------------------------------------------------------
INFO: [Synth 8-3354] encoded FSM with state register 'strCur_reg' using encoding 'sequential' in module 'Rs232RefComp'
WARNING: [Synth 8-327] inferring latch for variable 'TBE_reg' [D:/Desktop/magistrale/1_anno/1 SEMESTRE/architettura/esercizi/UART_tappo/UART_tappo.srcs/sources_1/imports/7-Interfaccia seriale/RS232RefComp.vhd:313]
---------------------------------------------------------------------------------------------------
                   State |                     New Encoding |                Previous Encoding 
---------------------------------------------------------------------------------------------------
                stbeidle |                               00 |                               00
              stbesettbe |                               01 |                               01
            stbewaitload |                               10 |                               10
           stbewaitwrite |                               11 |                               11
---------------------------------------------------------------------------------------------------
INFO: [Synth 8-3354] encoded FSM with state register 'stbeCur_reg' using encoding 'sequential' in module 'Rs232RefComp'
---------------------------------------------------------------------------------
Finished RTL Optimization Phase 2 : Time (s): cpu = 00:00:07 ; elapsed = 00:00:13 . Memory (MB): peak = 1536.531 ; gain = 647.023
---------------------------------------------------------------------------------
---------------------------------------------------------------------------------
Start RTL Component Statistics 
---------------------------------------------------------------------------------
Detailed RTL Component Info : 
+---Adders : 
	   2 Input    9 Bit       Adders := 1     
	   2 Input    4 Bit       Adders := 4     
+---XORs : 
	   8 Input      1 Bit         XORs := 1     
	   9 Input      1 Bit         XORs := 1     
+---Registers : 
	               11 Bit    Registers := 1     
	               10 Bit    Registers := 1     
	                9 Bit    Registers := 1     
	                8 Bit    Registers := 1     
	                4 Bit    Registers := 4     
	                1 Bit    Registers := 5     
+---Muxes : 
	   2 Input   11 Bit        Muxes := 1     
	   3 Input    3 Bit        Muxes := 1     
	   2 Input    3 Bit        Muxes := 2     
	   4 Input    2 Bit        Muxes := 2     
	   2 Input    2 Bit        Muxes := 7     
	   2 Input    1 Bit        Muxes := 1     
	   4 Input    1 Bit        Muxes := 6     
---------------------------------------------------------------------------------
Finished RTL Component Statistics 
---------------------------------------------------------------------------------
---------------------------------------------------------------------------------
Start Part Resource Summary
---------------------------------------------------------------------------------
Part Resources:
DSPs: 240 (col length:80)
BRAMs: 270 (col length: RAMB18 80 RAMB36 40)
---------------------------------------------------------------------------------
Finished Part Resource Summary
---------------------------------------------------------------------------------
---------------------------------------------------------------------------------
Start Cross Boundary and Area Optimization
---------------------------------------------------------------------------------
WARNING: [Synth 8-7080] Parallel synthesis criteria is not met
---------------------------------------------------------------------------------
Finished Cross Boundary and Area Optimization : Time (s): cpu = 00:00:07 ; elapsed = 00:00:15 . Memory (MB): peak = 1536.531 ; gain = 647.023
---------------------------------------------------------------------------------
---------------------------------------------------------------------------------
Start Applying XDC Timing Constraints
---------------------------------------------------------------------------------
---------------------------------------------------------------------------------
Finished Applying XDC Timing Constraints : Time (s): cpu = 00:00:07 ; elapsed = 00:00:19 . Memory (MB): peak = 1536.531 ; gain = 647.023
---------------------------------------------------------------------------------
---------------------------------------------------------------------------------
Start Timing Optimization
---------------------------------------------------------------------------------
---------------------------------------------------------------------------------
Finished Timing Optimization : Time (s): cpu = 00:00:07 ; elapsed = 00:00:19 . Memory (MB): peak = 1536.531 ; gain = 647.023
---------------------------------------------------------------------------------
---------------------------------------------------------------------------------
Start Technology Mapping
---------------------------------------------------------------------------------
---------------------------------------------------------------------------------
Finished Technology Mapping : Time (s): cpu = 00:00:07 ; elapsed = 00:00:19 . Memory (MB): peak = 1536.531 ; gain = 647.023
---------------------------------------------------------------------------------
---------------------------------------------------------------------------------
Start IO Insertion
---------------------------------------------------------------------------------
---------------------------------------------------------------------------------
Start Flattening Before IO Insertion
---------------------------------------------------------------------------------
---------------------------------------------------------------------------------
Finished Flattening Before IO Insertion
---------------------------------------------------------------------------------
---------------------------------------------------------------------------------
Start Final Netlist Cleanup
---------------------------------------------------------------------------------
---------------------------------------------------------------------------------
Finished Final Netlist Cleanup
---------------------------------------------------------------------------------
---------------------------------------------------------------------------------
Finished IO Insertion : Time (s): cpu = 00:00:07 ; elapsed = 00:00:23 . Memory (MB): peak = 1536.531 ; gain = 647.023
---------------------------------------------------------------------------------
---------------------------------------------------------------------------------
Start Renaming Generated Instances
---------------------------------------------------------------------------------
---------------------------------------------------------------------------------
Finished Renaming Generated Instances : Time (s): cpu = 00:00:07 ; elapsed = 00:00:23 . Memory (MB): peak = 1536.531 ; gain = 647.023
---------------------------------------------------------------------------------
---------------------------------------------------------------------------------
Start Rebuilding User Hierarchy
---------------------------------------------------------------------------------
---------------------------------------------------------------------------------
Finished Rebuilding User Hierarchy : Time (s): cpu = 00:00:07 ; elapsed = 00:00:23 . Memory (MB): peak = 1536.531 ; gain = 647.023
---------------------------------------------------------------------------------
---------------------------------------------------------------------------------
Start Renaming Generated Ports
---------------------------------------------------------------------------------
---------------------------------------------------------------------------------
Finished Renaming Generated Ports : Time (s): cpu = 00:00:07 ; elapsed = 00:00:23 . Memory (MB): peak = 1536.531 ; gain = 647.023
---------------------------------------------------------------------------------
---------------------------------------------------------------------------------
Start Handling Custom Attributes
---------------------------------------------------------------------------------
---------------------------------------------------------------------------------
Finished Handling Custom Attributes : Time (s): cpu = 00:00:07 ; elapsed = 00:00:23 . Memory (MB): peak = 1536.531 ; gain = 647.023
---------------------------------------------------------------------------------
---------------------------------------------------------------------------------
Start Renaming Generated Nets
---------------------------------------------------------------------------------
---------------------------------------------------------------------------------
Finished Renaming Generated Nets : Time (s): cpu = 00:00:07 ; elapsed = 00:00:23 . Memory (MB): peak = 1536.531 ; gain = 647.023
---------------------------------------------------------------------------------
---------------------------------------------------------------------------------
Start ROM, RAM, DSP, Shift Register and Retiming Reporting
---------------------------------------------------------------------------------

Static Shift Register Report:
+-------------------+--------------------+--------+-------+--------------+--------------------+-------------------+--------+---------+
|Module Name        | RTL Name           | Length | Width | Reset Signal | Pull out first Reg | Pull out last Reg | SRL16E | SRLC32E | 
+-------------------+--------------------+--------+-------+--------------+--------------------+-------------------+--------+---------+
|UART_pc_connection | uart/rdSReg_reg[7] | 3      | 1     | NO           | NO                 | YES               | 1      | 0       | 
+-------------------+--------------------+--------+-------+--------------+--------------------+-------------------+--------+---------+

---------------------------------------------------------------------------------
Finished ROM, RAM, DSP, Shift Register and Retiming Reporting
---------------------------------------------------------------------------------
---------------------------------------------------------------------------------
Start Writing Synthesis Report
---------------------------------------------------------------------------------

Report BlackBoxes: 
+-+--------------+----------+
| |BlackBox name |Instances |
+-+--------------+----------+
+-+--------------+----------+

Report Cell Usage: 
+------+-------+------+
|      |Cell   |Count |
+------+-------+------+
|1     |BUFG   |     2|
|2     |LUT1   |     7|
|3     |LUT2   |     9|
|4     |LUT3   |    18|
|5     |LUT4   |     7|
|6     |LUT5   |     9|
|7     |LUT6   |     9|
|8     |SRL16E |     1|
|9     |FDRE   |    59|
|10    |LD     |     1|
|11    |IBUF   |    12|
|12    |OBUF   |     9|
+------+-------+------+
---------------------------------------------------------------------------------
Finished Writing Synthesis Report : Time (s): cpu = 00:00:07 ; elapsed = 00:00:23 . Memory (MB): peak = 1536.531 ; gain = 647.023
---------------------------------------------------------------------------------
Synthesis finished with 0 errors, 0 critical warnings and 2 warnings.
Synthesis Optimization Runtime : Time (s): cpu = 00:00:03 ; elapsed = 00:00:21 . Memory (MB): peak = 1536.531 ; gain = 548.941
Synthesis Optimization Complete : Time (s): cpu = 00:00:07 ; elapsed = 00:00:23 . Memory (MB): peak = 1536.531 ; gain = 647.023
INFO: [Project 1-571] Translating synthesized netlist
Netlist sorting complete. Time (s): cpu = 00:00:00 ; elapsed = 00:00:00.001 . Memory (MB): peak = 1536.531 ; gain = 0.000
INFO: [Netlist 29-17] Analyzing 1 Unisim elements for replacement
INFO: [Netlist 29-28] Unisim Transformation completed in 0 CPU seconds
INFO: [Project 1-570] Preparing netlist for logic optimization
INFO: [Opt 31-138] Pushed 1 inverter(s) to 1 load pin(s).
Netlist sorting complete. Time (s): cpu = 00:00:00 ; elapsed = 00:00:00 . Memory (MB): peak = 1536.531 ; gain = 0.000
INFO: [Project 1-111] Unisim Transformation Summary:
  A total of 1 instances were transformed.
  LD => LDCE (inverted pins: G): 1 instance 

Impossibile trovare il percorso specificato.
Synth Design complete | Checksum: 3f12cd28
INFO: [Common 17-83] Releasing license: Synthesis
31 Infos, 2 Warnings, 0 Critical Warnings and 0 Errors encountered.
synth_design completed successfully
synth_design: Time (s): cpu = 00:00:08 ; elapsed = 00:00:27 . Memory (MB): peak = 1536.531 ; gain = 1052.883
Write ShapeDB Complete: Time (s): cpu = 00:00:00 ; elapsed = 00:00:00.001 . Memory (MB): peak = 1536.531 ; gain = 0.000
INFO: [Common 17-1381] The checkpoint 'D:/Desktop/magistrale/1_anno/1 SEMESTRE/architettura/esercizi/Uart_pc/Uart_pc.runs/synth_1/UART_pc_connection.dcp' has been generated.
INFO: [runtcl-4] Executing : report_utilization -file UART_pc_connection_utilization_synth.rpt -pb UART_pc_connection_utilization_synth.pb
INFO: [Common 17-206] Exiting Vivado at Sat Jun 15 19:11:07 2024...
