srcscan starts
srcscan exits with return value 0
 VHDL std libs ===========
INFO: VHDL library search path for library "std" is now "D:/Programs/vivado/Vivado/2023.2/data/precomp_hsv/vhdl/std" (VHDL-1505)
INFO: VHDL library search path for library "synopsys" is now "D:/Programs/vivado/Vivado/2023.2/data/precomp_hsv/vhdl/synopsys" (VHDL-1505)
INFO: VHDL library search path for library "ieee" is now "D:/Programs/vivado/Vivado/2023.2/data/precomp_hsv/vhdl/ieee" (VHDL-1505)
INFO: VHDL library search path for library "unimacro" is now "D:/Programs/vivado/Vivado/2023.2/data/precomp_hsv/vhdl/unimacro" (VHDL-1505)
INFO: VHDL library search path for library "unisim" is now "D:/Programs/vivado/Vivado/2023.2/data/precomp_hsv/vhdl/unisim" (VHDL-1505)
INFO: VHDL library search path for library "vl" is now "D:/Programs/vivado/Vivado/2023.2/data/precomp_hsv/vhdl/vl" (VHDL-1505)
INFO: VHDL library search path for library "xpm" is now "D:/Programs/vivado/Vivado/2023.2/data/precomp_hsv/vhdl/xpm" (VHDL-1505)
-- Analyzing VHDL file "D:/Desktop/magistrale/1_anno/1 SEMESTRE/architettura/esercizi/ESERCIZI TESINA/Cronometro/Cronometro.srcs/sources_1/imports/ESERCIZI TESINA/RiconoscitoreSequenze/RiconoscitoreSequenze.srcs/sources_1/imports/new/ButtonDebouncer.vhd" into library xil_defaultlib (VHDL-9003)
INFO: analyzing entity 'ButtonDebouncer' (VHDL-1012)
INFO: analyzing architecture 'Behavioral' of entity 'buttondebouncer' (VHDL-9006)
-- Analyzing VHDL file "C:/Users/dario/AppData/Local/Temp/VivadoEditorAssist3194663600578927535.tmp" into library xil_defaultlib (VHDL-9003)
INFO: analyzing entity 'Contatore' (VHDL-1012)
INFO: analyzing architecture 'Behavioral' of entity 'contatore' (VHDL-9006)
-- Analyzing VHDL file "D:/Desktop/magistrale/1_anno/1 SEMESTRE/architettura/esercizi/ESERCIZI TESINA/Cronometro/Cronometro.srcs/sources_1/new/DecimalEncoder.vhd" into library xil_defaultlib (VHDL-9003)
INFO: analyzing entity 'DecimalEncoder' (VHDL-1012)
INFO: analyzing architecture 'Behavioral' of entity 'decimalencoder' (VHDL-9006)
-- Analyzing VHDL file "C:/Users/dario/AppData/Local/Temp/VivadoEditorAssist8715726283421270421.tmp" into library xil_defaultlib (VHDL-9003)
INFO: analyzing entity 'Orologio' (VHDL-1012)
INFO: analyzing architecture 'Behavioral' of entity 'orologio' (VHDL-9006)
-- Analyzing VHDL file "D:/Desktop/magistrale/1_anno/1 SEMESTRE/architettura/esercizi/ESERCIZI TESINA/Cronometro/Cronometro.srcs/sources_1/imports/new/clock_filter.vhd" into library xil_defaultlib (VHDL-9003)
INFO: analyzing entity 'clock_filter' (VHDL-1012)
INFO: analyzing architecture 'Behavioral' of entity 'clock_filter' (VHDL-9006)
-- Analyzing VHDL file "D:/Desktop/magistrale/1_anno/1 SEMESTRE/architettura/esercizi/ESERCIZI TESINA/Cronometro/Cronometro.srcs/sources_1/imports/new/counter_mod8.vhd" into library xil_defaultlib (VHDL-9003)
INFO: analyzing entity 'counter_mod8' (VHDL-1012)
INFO: analyzing architecture 'Behavioral' of entity 'counter_mod8' (VHDL-9006)
-- Analyzing VHDL file "D:/Desktop/magistrale/1_anno/1 SEMESTRE/architettura/esercizi/ESERCIZI TESINA/Cronometro/Cronometro.srcs/sources_1/imports/new/cathodes_manager.vhd" into library xil_defaultlib (VHDL-9003)
INFO: analyzing entity 'cathodes_manager' (VHDL-1012)
INFO: analyzing architecture 'Behavioral' of entity 'cathodes_manager' (VHDL-9006)
-- Analyzing VHDL file "D:/Desktop/magistrale/1_anno/1 SEMESTRE/architettura/esercizi/ESERCIZI TESINA/Cronometro/Cronometro.srcs/sources_1/imports/new/anodes_manager.vhd" into library xil_defaultlib (VHDL-9003)
INFO: analyzing entity 'anodes_manager' (VHDL-1012)
INFO: analyzing architecture 'Behavioral' of entity 'anodes_manager' (VHDL-9006)
-- Analyzing VHDL file "D:/Desktop/magistrale/1_anno/1 SEMESTRE/architettura/esercizi/ESERCIZI TESINA/Cronometro/Cronometro.srcs/sources_1/imports/new/seven_segment_array.vhd" into library xil_defaultlib (VHDL-9003)
INFO: analyzing entity 'seven_segment_array' (VHDL-1012)
INFO: analyzing architecture 'Structural' of entity 'seven_segment_array' (VHDL-9006)
-- Analyzing VHDL file "D:/Desktop/magistrale/1_anno/1 SEMESTRE/architettura/esercizi/ESERCIZI TESINA/Cronometro/Cronometro.srcs/sources_1/new/OrologioOnBoard.vhd" into library xil_defaultlib (VHDL-9003)
INFO: analyzing entity 'OrologioOnBoard' (VHDL-1012)
INFO: analyzing architecture 'Behavioral' of entity 'orologioonboard' (VHDL-9006)
srcscan exits with return value 0
