srcscan starts
=srcscan exits with return value 0
VHDL std libs ===========
INFO: VHDL library search path for library "std" is now "D:/Programs/vivado/Vivado/2023.2/data/precomp_hsv/vhdl/std" (VHDL-1505)
INFO: VHDL library search path for library "synopsys" is now "D:/Programs/vivado/Vivado/2023.2/data/precomp_hsv/vhdl/synopsys" (VHDL-1505)
INFO: VHDL library search path for library "ieee" is now "D:/Programs/vivado/Vivado/2023.2/data/precomp_hsv/vhdl/ieee" (VHDL-1505)
INFO: VHDL library search path for library "unimacro" is now "D:/Programs/vivado/Vivado/2023.2/data/precomp_hsv/vhdl/unimacro" (VHDL-1505)
INFO: VHDL library search path for library "unisim" is now "D:/Programs/vivado/Vivado/2023.2/data/precomp_hsv/vhdl/unisim" (VHDL-1505)
INFO: VHDL library search path for library "vl" is now "D:/Programs/vivado/Vivado/2023.2/data/precomp_hsv/vhdl/vl" (VHDL-1505)
INFO: VHDL library search path for library "xpm" is now "D:/Programs/vivado/Vivado/2023.2/data/precomp_hsv/vhdl/xpm" (VHDL-1505)
-- Analyzing VHDL file "D:/Desktop/magistrale/1_anno/1 SEMESTRE/architettura/esercizi/ESERCIZI TESINA/MoltiplicatoreRobertson/MoltiplicatoreRobertson.srcs/sources_1/new/Contatore.vhd" into library xil_defaultlib (VHDL-9003)
INFO: analyzing entity 'Contatore' (VHDL-1012)
INFO: analyzing architecture 'Behavioral' of entity 'contatore' (VHDL-9006)
-- Analyzing VHDL file "D:/Desktop/magistrale/1_anno/1 SEMESTRE/architettura/esercizi/ESERCIZI TESINA/MoltiplicatoreRobertson/MoltiplicatoreRobertson.srcs/sources_1/new/Mux_2_1.vhd" into library xil_defaultlib (VHDL-9003)
INFO: analyzing entity 'Mux_2_1' (VHDL-1012)
INFO: analyzing architecture 'Behavioral' of entity 'mux_2_1' (VHDL-9006)
-- Analyzing VHDL file "D:/Desktop/magistrale/1_anno/1 SEMESTRE/architettura/esercizi/ESERCIZI TESINA/MoltiplicatoreRobertson/MoltiplicatoreRobertson.srcs/sources_1/new/ShiftRegister.vhd" into library xil_defaultlib (VHDL-9003)
INFO: analyzing entity 'ShiftRegister' (VHDL-1012)
INFO: analyzing architecture 'Behavioral' of entity 'shiftregister' (VHDL-9006)
-- Analyzing VHDL file "D:/Desktop/magistrale/1_anno/1 SEMESTRE/architettura/esercizi/ESERCIZI TESINA/MoltiplicatoreRobertson/MoltiplicatoreRobertson.srcs/sources_1/new/Register.vhd" into library xil_defaultlib (VHDL-9003)
INFO: analyzing entity 'Registro' (VHDL-1012)
INFO: analyzing architecture 'Behavioral' of entity 'registro' (VHDL-9006)
-- Analyzing VHDL file "D:/Desktop/magistrale/1_anno/1 SEMESTRE/architettura/esercizi/ESERCIZI TESINA/MoltiplicatoreRobertson/MoltiplicatoreRobertson.srcs/sources_1/new/FA.vhd" into library xil_defaultlib (VHDL-9003)
INFO: analyzing entity 'FA' (VHDL-1012)
INFO: analyzing architecture 'Behavioral' of entity 'fa' (VHDL-9006)
-- Analyzing VHDL file "C:/Users/dario/AppData/Local/Temp/VivadoEditorAssist14557518511405004108.tmp" into library xil_defaultlib (VHDL-9003)
INFO: analyzing entity 'RippleCarryAdder' (VHDL-1012)
INFO: analyzing architecture 'Behavioral' of entity 'ripplecarryadder' (VHDL-9006)
-- Analyzing VHDL file "D:/Desktop/magistrale/1_anno/1 SEMESTRE/architettura/esercizi/ESERCIZI TESINA/MoltiplicatoreRobertson/MoltiplicatoreRobertson.srcs/sources_1/new/FF.vhd" into library xil_defaultlib (VHDL-9003)
INFO: analyzing entity 'FF' (VHDL-1012)
INFO: analyzing architecture 'Behavioral' of entity 'ff' (VHDL-9006)
-- Analyzing VHDL file "C:/Users/dario/AppData/Local/Temp/VivadoEditorAssist12336612779725867965.tmp" into library xil_defaultlib (VHDL-9003)
INFO: analyzing entity 'Datapath' (VHDL-1012)
INFO: analyzing architecture 'Structural' of entity 'datapath' (VHDL-9006)
C:/Users/dario/AppData/Local/Temp/VivadoEditorAssist12336612779725867965.tmp(47): ERROR: type error near ff_out ; current type std_logic; expected type std_logic_vector (VHDL-9022)
C:/Users/dario/AppData/Local/Temp/VivadoEditorAssist12336612779725867965.tmp(48): ERROR: indexed name is not a 'std_logic_vector' (VHDL-1120)
C:/Users/dario/AppData/Local/Temp/VivadoEditorAssist12336612779725867965.tmp(50): ERROR: type error near a_serial_in ; current type std_logic; expected type std_logic_vector (VHDL-9022)
srcscan exits with return value 0
